<?xml version="1.0" encoding="UTF-8"?>
<testng-results ignored="0" total="1" passed="1" failed="0" skipped="0">
  <reporter-output>
  </reporter-output>
  <suite started-at="2020-09-14T09:29:01 IST" name="thinkbridge" finished-at="2020-09-14T09:29:44 IST" duration-ms="42530">
    <groups>
    </groups>
    <test started-at="2020-09-14T09:29:01 IST" name="thinkbridge Test" finished-at="2020-09-14T09:29:44 IST" duration-ms="42530">
      <class name="com.thinkbridge.testCases.TC_AccountCreationTest_001">
        <test-method is-config="true" signature="setup(java.lang.String)[pri:0, instance:com.thinkbridge.testCases.TC_AccountCreationTest_001@769e7ee8]" started-at="2020-09-14T09:29:02 IST" name="setup" finished-at="2020-09-14T09:29:07 IST" duration-ms="5709" status="PASS">
          <params>
            <param index="0">
              <value>
                <![CDATA[chrome]]>
              </value>
            </param>
          </params>
          <reporter-output>
          </reporter-output>
        </test-method> <!-- setup -->
        <test-method signature="accountCreationTest()[pri:0, instance:com.thinkbridge.testCases.TC_AccountCreationTest_001@769e7ee8]" started-at="2020-09-14T09:29:07 IST" name="accountCreationTest" finished-at="2020-09-14T09:29:43 IST" duration-ms="35622" status="PASS">
          <reporter-output>
          </reporter-output>
        </test-method> <!-- accountCreationTest -->
        <test-method is-config="true" signature="tearDown()[pri:0, instance:com.thinkbridge.testCases.TC_AccountCreationTest_001@769e7ee8]" started-at="2020-09-14T09:29:43 IST" name="tearDown" finished-at="2020-09-14T09:29:44 IST" duration-ms="705" status="PASS">
          <reporter-output>
          </reporter-output>
        </test-method> <!-- tearDown -->
      </class> <!-- com.thinkbridge.testCases.TC_AccountCreationTest_001 -->
    </test> <!-- thinkbridge Test -->
  </suite> <!-- thinkbridge -->
</testng-results>
